<?xml version="1.0" encoding="UTF-8" ?>
<testsuite tests="10" failures="0" name="sako.fabio.nasa.discovery.bean.TestProbe" time="0.084" errors="0" skipped="0">
  <properties>
[...]
</properties>
  <testcase classname="sako.fabio.nasa.discovery.bean.TestProbe" name="testMoveToNorth" time="0.07"/>
  <testcase classname="sako.fabio.nasa.discovery.bean.TestProbe" name="testProbeMoveRightSequences" time="0.004"/>
  <testcase classname="sako.fabio.nasa.discovery.bean.TestProbe" name="testProveMoveBeyondBorderSouthShouldThrowsException" time="0.002"/>
  <testcase classname="sako.fabio.nasa.discovery.bean.TestProbe" name="testProveMoveBeyondBorderNorthShouldThrowsException" time="0"/>
  <testcase classname="sako.fabio.nasa.discovery.bean.TestProbe" name="testProveMoveBeyondBorderWestShouldThrowsException" time="0"/>
  <testcase classname="sako.fabio.nasa.discovery.bean.TestProbe" name="testProveMoveBeyondBorderEASTShouldThrowsException" time="0"/>
  <testcase classname="sako.fabio.nasa.discovery.bean.TestProbe" name="testMoveToEast" time="0.001"/>
  <testcase classname="sako.fabio.nasa.discovery.bean.TestProbe" name="testMoveToSouth" time="0.002"/>
  <testcase classname="sako.fabio.nasa.discovery.bean.TestProbe" name="testMoveToWeast" time="0.001"/>
  <testcase classname="sako.fabio.nasa.discovery.bean.TestProbe" name="testProbeMoveLeftSequences" time="0.004"/>
</testsuite>